
        ____________________________________
        1) 请求的方式：GET, 

        2) 请求的路径：/, 

        3) 请求的时间：Tue Sep 08 2020 15:31:18 GMT+0800 (GMT+08:00), 

        ____________________________________
    
        ____________________________________
        1) 请求的方式：GET, 

        2) 请求的路径：/like, 

        3) 请求的时间：Tue Sep 08 2020 15:31:33 GMT+0800 (GMT+08:00), 

        ____________________________________
    
        ____________________________________
        1) 请求的方式：GET, 

        2) 请求的路径：/demo, 

        3) 请求的时间：Tue Sep 08 2020 15:32:44 GMT+0800 (GMT+08:00), 

        ____________________________________
    
        ____________________________________
        1) 请求的方式：GET, 

        2) 请求的路径：/, 

        3) 请求的时间：Tue Sep 08 2020 16:15:27 GMT+0800 (GMT+08:00), 

        ____________________________________
    